# **************************************************************************** #
#                                                                              #
#                                                         :::      ::::::::    #
#    basic                                              :+:      :+:    :+:    #
#                                                     +:+ +:+         +:+      #
#    By: marvin <marvin@student.42.fr>              +#+  +:+       +#+         #
#                                                 +#+#+#+#+#+   +#+            #
#    Created: ----/--/-- --:--:-- by marvin            #+#    #+#              #
#    Updated: ----/--/-- --:--:-- by marvin           ###   ########.fr        #
#                                                                             #
# **************************************************************************** #
Hello World !
This is a test file!
Hope you enjoy my test file!
Why don't you show some happyness from my test file ??
You don't really like test files, do you?
I'm a test file and I feel very sad about what you just said to me !
[0]Even a test file doesn't deserve that, you bastard!
[0]
[0]
[0]
[0]
[0]
