Yop les gens :noel:

Alors, je fais ce topic pour partager un petit projet avec vous : la confection d'un moule en silicone pour faire des verres à bière (en résine, chocolat, bismuth, sucre, gallium, peu importe). Je vous propose donc de suivre le processus sur ce topic.

C'est surtout un coup d'essai, pour tester, du coup soyez indulgents si il y a des petites fautes techniques :noel:

Pour les grosses flemmasses, résumé à la toute fin du post.

Voici le sujet :
http://image.noelshack.com/fichiers/2015/33/1439544791-img-0779.jpg

Première observation : le verre est vide. Non seulement c'est une hérésie d'avoir un verre à bière vide sous le nez, mais ceci va en plus soulever un problème embêtant. Nous utiliserons du silicone liquide pour recouvrir entièrement le verre. Qui dit liquide dit poussée d’Archimède, et même si le verre est probablement assez dense pour ne pas remonter à la surface du silicone, tout cet air peut déplacer le verre au moment de mettre le silicone. Première étape : le préparer au moulage.

Pour ça, on va utiliser deux choses : de l'argile et du riz. Le riz sert à remplir le verre pour se débarrasser du vide, et l'argile viendra par dessus pour fermer le verre, s'assurer que le riz ne se barre pas et assurer l'étanchéité au silicone du modèle.

http://image.noelshack.com/fichiers/2015/33/1439544793-img-0786.jpg

Maintenant qu'on l'a mise bien profonde à ce connard d'Archimède, on va fixer le modèle au plan de travail. Pour ça, je n'utiliserais pas de colle, mais de la semance de taureau séchée de la cire.

http://image.noelshack.com/fichiers/2015/33/1439544796-img-0787.jpg

Avec un petit couteau à beurre, on en met une bonne couche comme du Nutella, en restant quand même raisonnable. N'en mettons pas trois tonnes quand deux suffisent. Après ça, on va presser la zone tartinée sur le plan de travail, de façon à voir apparaître un bourrelet de cire tout autour du modèle.

http://image.noelshack.com/fichiers/2015/33/1439544796-img-0789.jpg

On nettoie l'excédant de cire de façon à avoir un plan de travail bien net autour du modèle, et pouf, le modèle est fixé.

http://image.noelshack.com/fichiers/2015/33/1439544799-img-0792.jpg

La cire ne colle pas, mais elle est gluante, et cela va permettre de maintenir le contact entre le verre et le plan de travail. De cette manière, on est sûr de ne pas avoir de silicone sous le modèle, et que le modèle restera bien en place pendant la coulée de silicone.

Dernier détail à régler : nettoyer le verre. Après avoir manipulé de l'argile et de la cire, on a les mains bien grasses et bien crados, et toute cette dégueulasserie est venue se coller au verre. Le silicone va emprisonner chaque détail du verre, donc si on veut pas se retrouver avec des empruntes digitales incrustées dans le résultat final, on va vouloir passer un coup de chiffon sur le verre. En restant délicat, souvenez-vous que le verre n'est pas collé au plan de travail.

Maintenant, on peut préparer l'autre partie du moule : le châssis. Mais vu qu'on est pauvres, on ne va pas utiliser un matériau noble. On va utiliser un rouleau de carton rigide trouvé dans les poubelles derrière le supermaché du coin.

http://image.noelshack.com/fichiers/2015/33/1439544800-img-0793.jpg

Comme on a fait pour le verre, on va préparer le carton à accueillir le silicone. On va appliquer un agent de démoulage à l'intérieur pour s'assurer de pouvoir le retirer sans avoir à charcuter le moule en silicone. Agent de démoulage, c'est un terme pompeux pour dire sperme de baleineau déshydraté cire. Cette fois, on en met une très fine couche, appliquée sur toute la surface intérieure à l'aide d'un sopalin. Un peu comme si on voulait beurrer un moule.

Et c'est tout, le châssis est prêt. La prochaine étape est le positionnement, et là on commence à touche aux étapes délicates. En faisant TRÈS ATTENTION à ne pas toucher le verre, on va enfiler le châssis tout autour du modèle. Vu que le carton est tartiné de cire, si on en fout sur le verre, ça va tout dégueulasser. Une fois qu'on a bien centré l'ensemble, on colle le carton sur le plan de travail avec un pistolet à colle, cette fois.

http://image.noelshack.com/fichiers/2015/33/1439544803-img-0794.jpg http://image.noelshack.com/fichiers/2015/33/1439544808-img-0795.jpg http://image.noelshack.com/fichiers/2015/33/1439544809-img-0796.jpg

La colle va permettre de fixer un petit peu le carton pour permettre plus d'assurance lors des manipulations. Mais l'étanchéité est loin d'être assurée, et perso j'ai pas envie de retrouver mon studio recouvert de silicone demain matin. Du coup, on va reprendre notre argile, on en fait des boudins, et on l'applique tout autour du carton :

http://image.noelshack.com/fichiers/2015/33/1439544811-img-0797.jpg http://image.noelshack.com/fichiers/2015/33/1439544809-img-0798.jpg

Vous vous dites que c'est assez. Moi je me dit : ne soyons pas radins.

http://image.noelshack.com/fichiers/2015/33/1439544811-img-0799.jpg http://image.noelshack.com/fichiers/2015/33/1439544816-img-0800.jpg

http://image.noelshack.com/fichiers/2015/33/1439544817-img-0801.jpg

Et voilà, le modèle est prêt à accueillir le silicone. On va donc passer à la partie rigolote, salissante et contre-la-montre : la préparation du silicone.

Le silicone liquide se présente en deux parties, nommées A et B histoire d'être original.

http://image.noelshack.com/fichiers/2015/33/1439544815-img-0803.jpg

Tels quels, ce ne sont que deux produits chimiques destructeurs de l'environnement. Mais avec leurs pouvoirs combinés, ils se transforment en silicone liquide. On commence donc par mettre le produit A dans un bol.

http://image.noelshack.com/fichiers/2015/33/1439544818-img-0804.jpg

Ensuite, on verse le produit B dans le produit A.

http://image.noelshack.com/fichiers/2015/33/1439544819-img-0805.jpg

Et là, time-attack. Il faut mélanger les deux produits afin d'obtenir une pâte d'une seule couleur, tout en faisant bien attention de ne pas incorporer trop d'air au mélange, et en faisant bien attention que le silicone sur les bords et au fond du bol ait également droit au mélange. Vous l'aurez compris, il faut aller vite, mais il faut être délicat.

http://image.noelshack.com/fichiers/2015/33/1439544824-img-0806.jpg

Une fois qu'on a un mélange bien uniforme, on va pouvoir verser le silicone dans le moule.

http://image.noelshack.com/fichiers/2015/33/1439544824-img-0807.jpg

On tient le bol assez haut, de manière à étirer le silicone en le faisant tomber pour faire éclater autant de bulles que possible. Parce que bon, ça la fout mal d'avoir plein de bulles quand on s'est fait chier à nettoyer le verre pour avoir un état de surface impeccable.

Et enfin, le silicone a recouvert le verre. J'ai été un peu juste, du coup j'ai été obliqué de gratter le fond du bol comme un porc pour avoir assez de silicone. Mais ouf ! j'y suis arrivé.

http://image.noelshack.com/fichiers/2015/33/1439544823-img-0808.jpg

Dernière étape : on pose un gros poids sur le châssis en carton, pour vraiment être bien sûr que le silicone ne fuira pas par en dessous, et on attend que ça durcisse.

http://image.noelshack.com/fichiers/2015/33/1439544826-img-0809.jpg

Le lendemain matin, le silicone a durcit, il faut retirer le carton.

http://image.noelshack.com/fichiers/2015/33/1439628357-img-0814.jpg http://image.noelshack.com/fichiers/2015/33/1439628361-img-0815.jpg http://image.noelshack.com/fichiers/2015/33/1439628366-img-0816.jpg

Et bien évidemment, comme on est des gros radins, on récupère l'argile.

http://image.noelshack.com/fichiers/2015/33/1439628364-img-0817.jpg

Ensuite, on regarde ce que ça donne par dessous. On nettoie la cire qui a tout dégueulassé par dessous, et on trace un trait sur tout le moule pour en marquer le milieu.

http://image.noelshack.com/fichiers/2015/33/1439628362-img-0820.jpg http://image.noelshack.com/fichiers/2015/33/1439628361-img-0821.jpg

Puis finalement arrive la délicate tâche de la découpe. Le long du trait, on passe un cutter. Une fois le premier passage fait, on écarte les deux parties de moule comme on peut pour révéler les endroits qui étaient trop profonds pour être atteints, et on repasse un coup de cutter.

http://image.noelshack.com/fichiers/2015/33/1439628368-img-0822.jpg http://image.noelshack.com/fichiers/2015/33/1439628371-img-0824.jpg http://image.noelshack.com/fichiers/2015/33/1439628368-img-0825.jpg

Et voilà, le moule est terminé. Vous remarquerez l'état de surface impeccable à l'intérieur du moule. Mais maintenant, il faut encore l'essayer.

Pour ce premier tour d'essai, on va faire un verre à bière en chocolat blanc. Pour couper le goût ultra-sucré du chocolat, j'ajoute une bonne cuillère de thé vert instantané.

http://image.noelshack.com/fichiers/2015/33/1439628385-img-0837.jpg

Pendant que le chocolat fond, on va préparer le moule à être utilisé. Pour ça, on va prendre un autre gros rouleau de carton rigide, dans lequel on va couper dans toute la longueur et qu'on va installer autour des deux demi-moules.

http://image.noelshack.com/fichiers/2015/33/1439628374-img-0828.jpg http://image.noelshack.com/fichiers/2015/33/1439628372-img-0829.jpg http://image.noelshack.com/fichiers/2015/33/1439628384-img-0830.jpg

On va ensuite utiliser des élastiques pour maintenir de la pression autour du moule.

http://image.noelshack.com/fichiers/2015/33/1439628381-img-0831.jpg

Plus gros.

http://image.noelshack.com/fichiers/2015/33/1439628377-img-0832.jpg

Plus gros !

http://image.noelshack.com/fichiers/2015/33/1439628383-img-0833.jpg

PLUS GROS !!

http://image.noelshack.com/fichiers/2015/33/1439628381-img-0834.jpg http://image.noelshack.com/fichiers/2015/33/1439628376-img-0835.jpg

Le moule est maintenant prêt. Le chocolat aussi. On va donc couler le chocolat dans le moule et le répartir sur les parois.

http://image.noelshack.com/fichiers/2015/33/1439628379-img-0842.jpg

Puis, après une bonne heure au frigo...

http://image.noelshack.com/fichiers/2015/33/1439628383-img-0843.jpg

Success.

tl;dr : REGARDEZ-MOI, JE SUIS INTÉRESSANT.
[0]
[0]
[0]
[0]
[0]
[0]
